<?xml version="1.0" encoding="UTF-8"?>
<testng-results ignored="0" total="2" passed="2" failed="0" skipped="0">
  <reporter-output>
  </reporter-output>
  <suite started-at="2024-05-10T01:56:08 IST" name="Suite" finished-at="2024-05-10T01:56:40 IST" duration-ms="32071">
    <groups>
    </groups>
    <test started-at="2024-05-10T01:56:08 IST" name="Test" finished-at="2024-05-10T01:56:40 IST" duration-ms="32071">
      <class name="Test.LoginTest">
        <test-method is-config="true" signature="openbrowser()[pri:0, instance:Test.LoginTest@7b2bbc3]" started-at="2024-05-10T01:56:08 IST" name="openbrowser" finished-at="2024-05-10T01:56:19 IST" duration-ms="11538" status="PASS">
          <reporter-output>
          </reporter-output>
        </test-method> <!-- openbrowser -->
        <test-method signature="login()[pri:1, instance:Test.LoginTest@7b2bbc3]" started-at="2024-05-10T01:56:19 IST" name="login" finished-at="2024-05-10T01:56:21 IST" duration-ms="2039" status="PASS">
          <reporter-output>
          </reporter-output>
        </test-method> <!-- login -->
        <test-method signature="validatedata()[pri:2, instance:Test.LoginTest@7b2bbc3]" started-at="2024-05-10T01:56:21 IST" name="validatedata" finished-at="2024-05-10T01:56:38 IST" duration-ms="17123" status="PASS">
          <reporter-output>
          </reporter-output>
        </test-method> <!-- validatedata -->
        <test-method is-config="true" signature="closebrowser()[pri:0, instance:Test.LoginTest@7b2bbc3]" started-at="2024-05-10T01:56:38 IST" name="closebrowser" finished-at="2024-05-10T01:56:40 IST" duration-ms="1224" status="PASS">
          <reporter-output>
          </reporter-output>
        </test-method> <!-- closebrowser -->
      </class> <!-- Test.LoginTest -->
    </test> <!-- Test -->
  </suite> <!-- Suite -->
</testng-results>
